<?xml version="1.0" encoding="UTF-8"?>
<testng-results skipped="0" failed="0" ignored="0" total="4" passed="4">
  <reporter-output>
  </reporter-output>
  <suite name="Gradle suite" duration-ms="57064" started-at="2023-03-25T22:23:27 BDT" finished-at="2023-03-25T22:24:24 BDT">
    <groups>
      <group name="cucumber">
        <method signature="AbstractTestNGCucumberTests.runScenario(io.cucumber.testng.PickleWrapper, io.cucumber.testng.FeatureWrapper)[pri:0, instance:TestRunner.WebRunnerTest@7193666c]" name="runScenario" class="io.cucumber.testng.AbstractTestNGCucumberTests"/>
      </group> <!-- cucumber -->
    </groups>
    <test name="Gradle test" duration-ms="57064" started-at="2023-03-25T22:23:27 BDT" finished-at="2023-03-25T22:24:24 BDT">
      <class name="TestRunner.WebRunnerTest">
        <test-method status="PASS" signature="setUpClass()[pri:0, instance:TestRunner.WebRunnerTest@7193666c]" name="setUpClass" is-config="true" duration-ms="439" started-at="2023-03-25T22:23:27 BDT" finished-at="2023-03-25T22:23:27 BDT">
          <reporter-output>
          </reporter-output>
        </test-method> <!-- setUpClass -->
        <test-method status="PASS" signature="runScenario(io.cucumber.testng.PickleWrapper, io.cucumber.testng.FeatureWrapper)[pri:0, instance:TestRunner.WebRunnerTest@7193666c]" name="runScenario" duration-ms="39501" started-at="2023-03-25T22:23:27 BDT" description="Runs Cucumber Scenarios" data-provider="scenarios" finished-at="2023-03-25T22:24:07 BDT">
          <params>
            <param index="0">
              <value>
                <![CDATA["Add customer with valid data"]]>
              </value>
            </param>
            <param index="1">
              <value>
                <![CDATA["Optional[Bank Manager Login]"]]>
              </value>
            </param>
          </params>
          <reporter-output>
          </reporter-output>
        </test-method> <!-- runScenario -->
        <test-method status="PASS" signature="runScenario(io.cucumber.testng.PickleWrapper, io.cucumber.testng.FeatureWrapper)[pri:0, instance:TestRunner.WebRunnerTest@7193666c]" name="runScenario" duration-ms="9941" started-at="2023-03-25T22:24:07 BDT" description="Runs Cucumber Scenarios" data-provider="scenarios" finished-at="2023-03-25T22:24:17 BDT">
          <params>
            <param index="0">
              <value>
                <![CDATA["Add customer with valid data"]]>
              </value>
            </param>
            <param index="1">
              <value>
                <![CDATA["Optional[Bank Manager Login]"]]>
              </value>
            </param>
          </params>
          <reporter-output>
          </reporter-output>
        </test-method> <!-- runScenario -->
        <test-method status="PASS" signature="runScenario(io.cucumber.testng.PickleWrapper, io.cucumber.testng.FeatureWrapper)[pri:0, instance:TestRunner.WebRunnerTest@7193666c]" name="runScenario" duration-ms="2240" started-at="2023-03-25T22:24:17 BDT" description="Runs Cucumber Scenarios" data-provider="scenarios" finished-at="2023-03-25T22:24:19 BDT">
          <params>
            <param index="0">
              <value>
                <![CDATA["Add customer name and currency"]]>
              </value>
            </param>
            <param index="1">
              <value>
                <![CDATA["Optional[Open Account]"]]>
              </value>
            </param>
          </params>
          <reporter-output>
          </reporter-output>
        </test-method> <!-- runScenario -->
        <test-method status="PASS" signature="runScenario(io.cucumber.testng.PickleWrapper, io.cucumber.testng.FeatureWrapper)[pri:0, instance:TestRunner.WebRunnerTest@7193666c]" name="runScenario" duration-ms="4805" started-at="2023-03-25T22:24:19 BDT" description="Runs Cucumber Scenarios" data-provider="scenarios" finished-at="2023-03-25T22:24:24 BDT">
          <params>
            <param index="0">
              <value>
                <![CDATA["Customer information and delete customer"]]>
              </value>
            </param>
            <param index="1">
              <value>
                <![CDATA["Optional[Delete Account]"]]>
              </value>
            </param>
          </params>
          <reporter-output>
          </reporter-output>
        </test-method> <!-- runScenario -->
        <test-method status="PASS" signature="tearDownClass()[pri:0, instance:TestRunner.WebRunnerTest@7193666c]" name="tearDownClass" is-config="true" duration-ms="101" started-at="2023-03-25T22:24:24 BDT" finished-at="2023-03-25T22:24:24 BDT">
          <reporter-output>
          </reporter-output>
        </test-method> <!-- tearDownClass -->
      </class> <!-- TestRunner.WebRunnerTest -->
    </test> <!-- Gradle test -->
  </suite> <!-- Gradle suite -->
</testng-results>
